                                                                                                    QUERY PLAN                                                                                                     
-------------------------------------------------------------------------------------------------------------------------------------------------------------------------------------------------------------------
 Finalize GroupAggregate  (cost=4098172.38..4169828.68 rows=527775 width=71) (actual time=40259.540..40317.962 rows=111 loops=1)
   Group Key: orders.o_totalprice, orders.o_orderdate, customer.c_name, customer.c_custkey, orders.o_orderkey
   ->  Gather Merge  (cost=4098172.38..4155534.78 rows=439812 width=71) (actual time=40259.494..40317.845 rows=111 loops=1)
         Workers Planned: 2
         Workers Launched: 2
         ->  Partial GroupAggregate  (cost=4097172.36..4103769.54 rows=219906 width=71) (actual time=40236.402..40236.554 rows=37 loops=3)
               Group Key: orders.o_totalprice, orders.o_orderdate, customer.c_name, customer.c_custkey, orders.o_orderkey
               ->  Sort  (cost=4097172.36..4097722.12 rows=219906 width=44) (actual time=40236.374..40236.445 rows=259 loops=3)
                     Sort Key: orders.o_totalprice DESC, orders.o_orderdate, customer.c_name, customer.c_custkey, orders.o_orderkey
                     Sort Method: quicksort  Memory: 42kB
                     Worker 0:  Sort Method: quicksort  Memory: 43kB
                     Worker 1:  Sort Method: quicksort  Memory: 37kB
                     ->  Nested Loop  (cost=2766312.87..4070894.02 rows=219906 width=44) (actual time=37692.668..40236.041 rows=259 loops=3)
                           ->  Hash Join  (cost=2766312.31..3232876.73 rows=54987 width=43) (actual time=37691.657..40220.125 rows=37 loops=3)
                                 Hash Cond: (orders.o_orderkey = lineitem_1.l_orderkey)
                                 ->  Parallel Hash Join  (cost=53709.50..503867.67 rows=6250000 width=39) (actual time=7598.194..9521.543 rows=5000000 loops=3)
                                       Hash Cond: (orders.o_custkey = customer.c_custkey)
                                       ->  Parallel Seq Scan on orders  (cost=0.00..323772.00 rows=6250000 width=20) (actual time=3.041..5802.840 rows=5000000 loops=3)
                                       ->  Parallel Hash  (cost=42234.00..42234.00 rows=625000 width=23) (actual time=801.898..801.901 rows=500000 loops=3)
                                             Buckets: 131072  Batches: 16  Memory Usage: 6240kB
                                             ->  Parallel Seq Scan on customer  (cost=0.00..42234.00 rows=625000 width=23) (actual time=0.599..693.872 rows=500000 loops=3)
                                 ->  Hash  (cost=2710953.20..2710953.20 rows=131969 width=4) (actual time=30069.813..30069.814 rows=111 loops=3)
                                       Buckets: 262144  Batches: 1  Memory Usage: 2052kB
                                       ->  GroupAggregate  (cost=0.56..2710953.20 rows=131969 width=4) (actual time=539.938..30069.633 rows=111 loops=3)
                                             Group Key: lineitem_1.l_orderkey
                                             Filter: (sum(lineitem_1.l_quantity) > '312'::numeric)
                                             Rows Removed by Filter: 14999889
                                             ->  Index Scan using idx_lineitem_orderkey on lineitem lineitem_1  (cost=0.56..2405071.85 rows=59988552 width=9) (actual time=0.554..18319.341 rows=59986052 loops=3)
                           ->  Index Scan using idx_lineitem_orderkey on lineitem  (cost=0.56..13.72 rows=152 width=9) (actual time=0.413..0.423 rows=7 loops=111)
                                 Index Cond: (l_orderkey = orders.o_orderkey)
 Planning Time: 63.764 ms
 Execution Time: 40318.363 ms
(32 rows)

