                                                                                                                                                                                                                                                                                                                                                                                                                                                                                                              QUERY PLAN                                                                                                                                                                                                                                                                                                                                                                                                                                                                                                              
--------------------------------------------------------------------------------------------------------------------------------------------------------------------------------------------------------------------------------------------------------------------------------------------------------------------------------------------------------------------------------------------------------------------------------------------------------------------------------------------------------------------------------------------------------------------------------------------------------------------------------------------------------------------------------------------------------------------------------------------------------------------------------------------------------------------------------------------------------------------------------------------------------------------------------------------------------------------------------------------------------------------------------------
 Finalize Aggregate  (cost=330029.88..330029.89 rows=1 width=32) (actual time=2155.412..2160.300 rows=1 loops=1)
   ->  Gather  (cost=330029.65..330029.86 rows=2 width=32) (actual time=2152.109..2160.287 rows=3 loops=1)
         Workers Planned: 2
         Workers Launched: 2
         ->  Partial Aggregate  (cost=329029.65..329029.66 rows=1 width=32) (actual time=2143.516..2143.517 rows=1 loops=3)
               ->  Nested Loop  (cost=0.44..329025.92 rows=498 width=12) (actual time=11.992..2143.031 rows=381 loops=3)
                     ->  Parallel Seq Scan on part  (cost=0.00..76413.84 rows=1992 width=30) (actual time=0.482..149.907 rows=1562 loops=3)
                           Filter: ((p_size >= 1) AND (((p_brand = 'Brand#54'::bpchar) AND (p_container = ANY ('{"SM CASE","SM BOX","SM PACK","SM PKG"}'::bpchar[])) AND (p_size <= 5)) OR ((p_brand = 'Brand#42'::bpchar) AND (p_container = ANY ('{"MED BAG","MED BOX","MED PKG","MED PACK"}'::bpchar[])) AND (p_size <= 10)) OR ((p_brand = 'Brand#43'::bpchar) AND (p_container = ANY ('{"LG CASE","LG BOX","LG PACK","LG PKG"}'::bpchar[])) AND (p_size <= 15))))
                           Rows Removed by Filter: 665105
                     ->  Index Scan using idx_lineitem_part_supp on lineitem  (cost=0.44..126.80 rows=1 width=21) (actual time=1.168..1.275 rows=0 loops=4686)
                           Index Cond: (l_partkey = part.p_partkey)
                           Filter: ((l_shipmode = ANY ('{AIR,"AIR REG"}'::bpchar[])) AND (l_shipinstruct = 'DELIVER IN PERSON'::bpchar) AND (((l_quantity >= '6'::numeric) AND (l_quantity <= '16'::numeric)) OR ((l_quantity >= '12'::numeric) AND (l_quantity <= '22'::numeric)) OR ((l_quantity >= '26'::numeric) AND (l_quantity <= '36'::numeric))) AND (((part.p_brand = 'Brand#54'::bpchar) AND (part.p_container = ANY ('{"SM CASE","SM BOX","SM PACK","SM PKG"}'::bpchar[])) AND (l_quantity >= '6'::numeric) AND (l_quantity <= '16'::numeric) AND (part.p_size <= 5)) OR ((part.p_brand = 'Brand#42'::bpchar) AND (part.p_container = ANY ('{"MED BAG","MED BOX","MED PKG","MED PACK"}'::bpchar[])) AND (l_quantity >= '12'::numeric) AND (l_quantity <= '22'::numeric) AND (part.p_size <= 10)) OR ((part.p_brand = 'Brand#43'::bpchar) AND (part.p_container = ANY ('{"LG CASE","LG BOX","LG PACK","LG PKG"}'::bpchar[])) AND (l_quantity >= '26'::numeric) AND (l_quantity <= '36'::numeric) AND (part.p_size <= 15))))
                           Rows Removed by Filter: 30
 Planning Time: 29.849 ms
 Execution Time: 2160.503 ms
(15 rows)

