                                                                                                                                                                                                                                                                                                                                                                                                                                                                                                              QUERY PLAN                                                                                                                                                                                                                                                                                                                                                                                                                                                                                                              
--------------------------------------------------------------------------------------------------------------------------------------------------------------------------------------------------------------------------------------------------------------------------------------------------------------------------------------------------------------------------------------------------------------------------------------------------------------------------------------------------------------------------------------------------------------------------------------------------------------------------------------------------------------------------------------------------------------------------------------------------------------------------------------------------------------------------------------------------------------------------------------------------------------------------------------------------------------------------------------------------------------------------------------
 Finalize Aggregate  (cost=327169.77..327169.78 rows=1 width=32) (actual time=2220.259..2226.606 rows=1 loops=1)
   ->  Gather  (cost=327169.54..327169.75 rows=2 width=32) (actual time=2216.981..2226.590 rows=3 loops=1)
         Workers Planned: 2
         Workers Launched: 2
         ->  Partial Aggregate  (cost=326169.54..326169.55 rows=1 width=32) (actual time=2209.956..2209.957 rows=1 loops=3)
               ->  Nested Loop  (cost=0.44..326165.88 rows=488 width=12) (actual time=12.409..2209.394 rows=384 loops=3)
                     ->  Parallel Seq Scan on part  (cost=0.00..76413.84 rows=1968 width=30) (actual time=0.527..157.040 rows=1601 loops=3)
                           Filter: ((p_size >= 1) AND (((p_brand = 'Brand#25'::bpchar) AND (p_container = ANY ('{"SM CASE","SM BOX","SM PACK","SM PKG"}'::bpchar[])) AND (p_size <= 5)) OR ((p_brand = 'Brand#54'::bpchar) AND (p_container = ANY ('{"MED BAG","MED BOX","MED PKG","MED PACK"}'::bpchar[])) AND (p_size <= 10)) OR ((p_brand = 'Brand#22'::bpchar) AND (p_container = ANY ('{"LG CASE","LG BOX","LG PACK","LG PKG"}'::bpchar[])) AND (p_size <= 15))))
                           Rows Removed by Filter: 665066
                     ->  Index Scan using idx_lineitem_part_supp on lineitem  (cost=0.44..126.90 rows=1 width=21) (actual time=1.175..1.281 rows=0 loops=4802)
                           Index Cond: (l_partkey = part.p_partkey)
                           Filter: ((l_shipmode = ANY ('{AIR,"AIR REG"}'::bpchar[])) AND (l_shipinstruct = 'DELIVER IN PERSON'::bpchar) AND (((l_quantity >= '3'::numeric) AND (l_quantity <= '13'::numeric)) OR ((l_quantity >= '10'::numeric) AND (l_quantity <= '20'::numeric)) OR ((l_quantity >= '24'::numeric) AND (l_quantity <= '34'::numeric))) AND (((part.p_brand = 'Brand#25'::bpchar) AND (part.p_container = ANY ('{"SM CASE","SM BOX","SM PACK","SM PKG"}'::bpchar[])) AND (l_quantity >= '3'::numeric) AND (l_quantity <= '13'::numeric) AND (part.p_size <= 5)) OR ((part.p_brand = 'Brand#54'::bpchar) AND (part.p_container = ANY ('{"MED BAG","MED BOX","MED PKG","MED PACK"}'::bpchar[])) AND (l_quantity >= '10'::numeric) AND (l_quantity <= '20'::numeric) AND (part.p_size <= 10)) OR ((part.p_brand = 'Brand#22'::bpchar) AND (part.p_container = ANY ('{"LG CASE","LG BOX","LG PACK","LG PKG"}'::bpchar[])) AND (l_quantity >= '24'::numeric) AND (l_quantity <= '34'::numeric) AND (part.p_size <= 15))))
                           Rows Removed by Filter: 30
 Planning Time: 30.485 ms
 Execution Time: 2226.831 ms
(15 rows)

