                                                                                                                                    QUERY PLAN                                                                                                                                     
-----------------------------------------------------------------------------------------------------------------------------------------------------------------------------------------------------------------------------------------------------------------------------------
 Finalize GroupAggregate  (cost=2178183.63..2180585.69 rows=7 width=27) (actual time=24812.615..24934.267 rows=2 loops=1)
   Group Key: lineitem.l_shipmode
   ->  Gather Merge  (cost=2178183.63..2180585.52 rows=14 width=27) (actual time=24796.014..24934.252 rows=6 loops=1)
         Workers Planned: 2
         Workers Launched: 2
         ->  Partial GroupAggregate  (cost=2177183.61..2179583.88 rows=7 width=27) (actual time=24772.752..24789.187 rows=2 loops=3)
               Group Key: lineitem.l_shipmode
               ->  Sort  (cost=2177183.61..2177483.63 rows=120010 width=27) (actual time=24754.005..24765.293 rows=104428 loops=3)
                     Sort Key: lineitem.l_shipmode
                     Sort Method: external merge  Disk: 3768kB
                     Worker 0:  Sort Method: external merge  Disk: 3752kB
                     Worker 1:  Sort Method: external merge  Disk: 3848kB
                     ->  Parallel Hash Join  (cost=438531.21..2164185.59 rows=120010 width=27) (actual time=22457.805..24718.828 rows=104428 loops=3)
                           Hash Cond: (lineitem.l_orderkey = orders.o_orderkey)
                           ->  Parallel Seq Scan on lineitem  (cost=0.00..1687543.35 rows=120010 width=15) (actual time=5.527..16483.456 rows=104428 loops=3)
                                 Filter: ((l_shipmode = ANY ('{"REG AIR",SHIP}'::bpchar[])) AND (l_commitdate < l_receiptdate) AND (l_shipdate < l_commitdate) AND (l_receiptdate >= '1996-01-01'::date) AND (l_receiptdate < '1997-01-01 00:00:00'::timestamp without time zone))
                                 Rows Removed by Filter: 19890923
                           ->  Parallel Hash  (cost=323776.54..323776.54 rows=6250454 width=20) (actual time=5859.444..5859.445 rows=5000000 loops=3)
                                 Buckets: 131072  Batches: 128  Memory Usage: 7520kB
                                 ->  Parallel Seq Scan on orders  (cost=0.00..323776.54 rows=6250454 width=20) (actual time=0.952..4765.384 rows=5000000 loops=3)
 Planning Time: 5.304 ms
 Execution Time: 24935.861 ms
(22 rows)

