                                                                                                                                 QUERY PLAN                                                                                                                                  
-----------------------------------------------------------------------------------------------------------------------------------------------------------------------------------------------------------------------------------------------------------------------------
 Finalize GroupAggregate  (cost=2178203.74..2180608.90 rows=7 width=27) (actual time=20413.132..20513.432 rows=2 loops=1)
   Group Key: lineitem.l_shipmode
   ->  Gather Merge  (cost=2178203.74..2180608.72 rows=14 width=27) (actual time=20395.321..20513.418 rows=6 loops=1)
         Workers Planned: 2
         Workers Launched: 2
         ->  Partial GroupAggregate  (cost=2177203.71..2179607.08 rows=7 width=27) (actual time=20370.208..20387.964 rows=2 loops=3)
               Group Key: lineitem.l_shipmode
               ->  Sort  (cost=2177203.71..2177504.12 rows=120165 width=27) (actual time=20351.672..20363.158 rows=104088 loops=3)
                     Sort Key: lineitem.l_shipmode
                     Sort Method: external merge  Disk: 3776kB
                     Worker 0:  Sort Method: external merge  Disk: 3752kB
                     Worker 1:  Sort Method: external merge  Disk: 3800kB
                     ->  Parallel Hash Join  (cost=438531.21..2164188.00 rows=120165 width=27) (actual time=17899.034..20318.063 rows=104088 loops=3)
                           Hash Cond: (lineitem.l_orderkey = orders.o_orderkey)
                           ->  Parallel Seq Scan on lineitem  (cost=0.00..1687543.35 rows=120165 width=15) (actual time=6.893..13009.209 rows=104088 loops=3)
                                 Filter: ((l_shipmode = ANY ('{FOB,RAIL}'::bpchar[])) AND (l_commitdate < l_receiptdate) AND (l_shipdate < l_commitdate) AND (l_receiptdate >= '1996-01-01'::date) AND (l_receiptdate < '1997-01-01 00:00:00'::timestamp without time zone))
                                 Rows Removed by Filter: 19891263
                           ->  Parallel Hash  (cost=323776.54..323776.54 rows=6250454 width=20) (actual time=4786.213..4786.214 rows=5000000 loops=3)
                                 Buckets: 131072  Batches: 128  Memory Usage: 7520kB
                                 ->  Parallel Seq Scan on orders  (cost=0.00..323776.54 rows=6250454 width=20) (actual time=0.769..3799.189 rows=5000000 loops=3)
 Planning Time: 10.343 ms
 Execution Time: 20515.043 ms
(22 rows)

