                                                                                                        QUERY PLAN                                                                                                         
---------------------------------------------------------------------------------------------------------------------------------------------------------------------------------------------------------------------------
 Finalize Aggregate  (cost=1690884.60..1690884.61 rows=1 width=32) (actual time=12014.909..12016.428 rows=1 loops=1)
   ->  Gather  (cost=1690884.38..1690884.59 rows=2 width=32) (actual time=12014.775..12016.400 rows=3 loops=1)
         Workers Planned: 2
         Workers Launched: 2
         ->  Partial Aggregate  (cost=1689884.38..1689884.39 rows=1 width=32) (actual time=11998.502..11998.502 rows=1 loops=3)
               ->  Parallel Seq Scan on lineitem  (cost=0.00..1687536.68 rows=469540 width=12) (actual time=5.801..11920.299 rows=380379 loops=3)
                     Filter: ((l_shipdate >= '1997-01-01'::date) AND (l_shipdate < '1998-01-01 00:00:00'::timestamp without time zone) AND (l_discount >= 0.06) AND (l_discount <= 0.08) AND (l_quantity < '24'::numeric))
                     Rows Removed by Filter: 19614972
 Planning Time: 45.115 ms
 Execution Time: 12016.560 ms
(10 rows)

