                                                                                                        QUERY PLAN                                                                                                         
---------------------------------------------------------------------------------------------------------------------------------------------------------------------------------------------------------------------------
 Finalize Aggregate  (cost=1690907.64..1690907.65 rows=1 width=32) (actual time=11709.213..11710.657 rows=1 loops=1)
   ->  Gather  (cost=1690907.42..1690907.63 rows=2 width=32) (actual time=11709.117..11710.648 rows=3 loops=1)
         Workers Planned: 2
         Workers Launched: 2
         ->  Partial Aggregate  (cost=1689907.42..1689907.43 rows=1 width=32) (actual time=11702.771..11702.772 rows=1 loops=3)
               ->  Parallel Seq Scan on lineitem  (cost=0.00..1687536.68 rows=474148 width=12) (actual time=0.318..11624.093 rows=380906 loops=3)
                     Filter: ((l_shipdate >= '1995-01-01'::date) AND (l_shipdate < '1996-01-01 00:00:00'::timestamp without time zone) AND (l_discount >= 0.05) AND (l_discount <= 0.07) AND (l_quantity < '24'::numeric))
                     Rows Removed by Filter: 19614445
 Planning Time: 6.564 ms
 Execution Time: 11710.768 ms
(10 rows)

