                                                                                                                                  QUERY PLAN                                                                                                                                  
------------------------------------------------------------------------------------------------------------------------------------------------------------------------------------------------------------------------------------------------------------------------------
 Finalize GroupAggregate  (cost=2178104.20..2180493.64 rows=7 width=27) (actual time=28183.974..28305.192 rows=2 loops=1)
   Group Key: lineitem.l_shipmode
   ->  Gather Merge  (cost=2178104.20..2180493.47 rows=14 width=27) (actual time=28166.999..28305.175 rows=6 loops=1)
         Workers Planned: 2
         Workers Launched: 2
         ->  Partial GroupAggregate  (cost=2177104.18..2179491.83 rows=7 width=27) (actual time=28142.501..28159.469 rows=2 loops=3)
               Group Key: lineitem.l_shipmode
               ->  Sort  (cost=2177104.18..2177402.63 rows=119379 width=27) (actual time=28124.777..28135.666 rows=103601 loops=3)
                     Sort Key: lineitem.l_shipmode
                     Sort Method: external merge  Disk: 3784kB
                     Worker 0:  Sort Method: external merge  Disk: 3664kB
                     Worker 1:  Sort Method: external merge  Disk: 3832kB
                     ->  Parallel Hash Join  (cost=438531.21..2164177.93 rows=119379 width=27) (actual time=25855.821..28092.664 rows=103601 loops=3)
                           Hash Cond: (lineitem.l_orderkey = orders.o_orderkey)
                           ->  Parallel Seq Scan on lineitem  (cost=0.00..1687543.35 rows=119379 width=15) (actual time=6.928..19051.229 rows=103601 loops=3)
                                 Filter: ((l_shipmode = ANY ('{MAIL,SHIP}'::bpchar[])) AND (l_commitdate < l_receiptdate) AND (l_shipdate < l_commitdate) AND (l_receiptdate >= '1994-01-01'::date) AND (l_receiptdate < '1995-01-01 00:00:00'::timestamp without time zone))
                                 Rows Removed by Filter: 19891750
                           ->  Parallel Hash  (cost=323776.54..323776.54 rows=6250454 width=20) (actual time=6693.504..6693.505 rows=5000000 loops=3)
                                 Buckets: 131072  Batches: 128  Memory Usage: 7520kB
                                 ->  Parallel Seq Scan on orders  (cost=0.00..323776.54 rows=6250454 width=20) (actual time=0.658..5623.249 rows=5000000 loops=3)
 Planning Time: 45.525 ms
 Execution Time: 28306.933 ms
(22 rows)

