                                                                                                         QUERY PLAN                                                                                                         
----------------------------------------------------------------------------------------------------------------------------------------------------------------------------------------------------------------------------
 Sort  (cost=6572604.74..6574041.35 rows=574647 width=71) (actual time=82144.328..82144.381 rows=111 loops=1)
   Sort Key: orders.o_totalprice DESC, orders.o_orderdate
   Sort Method: quicksort  Memory: 31kB
   ->  GroupAggregate  (cost=6367914.24..6494060.60 rows=574647 width=71) (actual time=81633.874..82144.267 rows=111 loops=1)
         Group Key: customer.c_custkey, orders.o_orderkey
         ->  Incremental Sort  (cost=6367914.24..6482567.66 rows=574647 width=44) (actual time=81633.860..82143.961 rows=777 loops=1)
               Sort Key: customer.c_custkey, orders.o_orderkey
               Presorted Key: customer.c_custkey
               Full-sort Groups: 23  Sort Method: quicksort  Average Memory: 27kB  Peak Memory: 27kB
               ->  Merge Join  (cost=6367914.08..6456708.54 rows=574647 width=44) (actual time=81611.386..82143.550 rows=777 loops=1)
                     Merge Cond: (customer.c_custkey = orders.o_custkey)
                     ->  Index Scan using customer_pkey on customer  (cost=0.43..74989.47 rows=1499926 width=23) (actual time=0.126..428.258 rows=1488845 loops=1)
                     ->  Materialize  (cost=6367913.36..6370786.60 rows=574647 width=25) (actual time=81601.641..81601.946 rows=777 loops=1)
                           ->  Sort  (cost=6367913.36..6369349.98 rows=574647 width=25) (actual time=81601.638..81601.802 rows=777 loops=1)
                                 Sort Key: orders.o_custkey
                                 Sort Method: quicksort  Memory: 61kB
                                 ->  Hash Join  (cost=4081013.72..6299190.22 rows=574647 width=25) (actual time=79067.309..81601.336 rows=777 loops=1)
                                       Hash Cond: (lineitem.l_orderkey = orders.o_orderkey)
                                       ->  Hash Join  (cost=3394319.22..5276829.22 rows=19996375 width=13) (actual time=60912.369..74822.033 rows=777 loops=1)
                                             Hash Cond: (lineitem.l_orderkey = lineitem_1.l_orderkey)
                                             ->  Seq Scan on lineitem  (cost=0.00..1725036.64 rows=59989264 width=9) (actual time=0.317..7884.743 rows=59986052 loops=1)
                                             ->  Hash  (cost=3392522.99..3392522.99 rows=143698 width=4) (actual time=60805.241..60805.283 rows=111 loops=1)
                                                   Buckets: 262144  Batches: 1  Memory Usage: 2052kB
                                                   ->  Finalize GroupAggregate  (cost=3278994.29..3392522.99 rows=143698 width=4) (actual time=50849.654..60805.090 rows=111 loops=1)
                                                         Group Key: lineitem_1.l_orderkey
                                                         Filter: (sum(lineitem_1.l_quantity) > '312'::numeric)
                                                         Rows Removed by Filter: 14999889
                                                         ->  Gather Merge  (cost=3278994.29..3379590.14 rows=862190 width=36) (actual time=50642.527..53595.633 rows=15001612 loops=1)
                                                               Workers Planned: 2
                                                               Workers Launched: 2
                                                               ->  Sort  (cost=3277994.26..3279072.00 rows=431095 width=36) (actual time=50182.910..50986.367 rows=5000537 loops=3)
                                                                     Sort Key: lineitem_1.l_orderkey
                                                                     Sort Method: external merge  Disk: 386832kB
                                                                     Worker 0:  Sort Method: external merge  Disk: 369800kB
                                                                     Worker 1:  Sort Method: external merge  Disk: 373824kB
                                                                     ->  Partial HashAggregate  (cost=2976375.22..3225860.85 rows=431095 width=36) (actual time=34827.663..47039.231 rows=5000537 loops=3)
                                                                           Group Key: lineitem_1.l_orderkey
                                                                           Planned Partitions: 32  Batches: 521  Memory Usage: 8345kB  Disk Usage: 751120kB
                                                                           Worker 0:  Batches: 593  Memory Usage: 8345kB  Disk Usage: 719920kB
                                                                           Worker 1:  Batches: 529  Memory Usage: 8345kB  Disk Usage: 720704kB
                                                                           ->  Parallel Seq Scan on lineitem lineitem_1  (cost=0.00..1375099.27 rows=24995527 width=9) (actual time=0.376..25344.330 rows=19995351 loops=3)
                                       ->  Hash  (cost=411282.89..411282.89 rows=15001089 width=20) (actual time=5376.038..5376.038 rows=15000000 loops=1)
                                             Buckets: 131072  Batches: 128  Memory Usage: 7409kB
                                             ->  Seq Scan on orders  (cost=0.00..411282.89 rows=15001089 width=20) (actual time=0.366..2368.006 rows=15000000 loops=1)
 Planning Time: 28.089 ms
 Execution Time: 82150.831 ms
(46 rows)

