                                                                                                         QUERY PLAN                                                                                                          
-----------------------------------------------------------------------------------------------------------------------------------------------------------------------------------------------------------------------------
 Sort  (cost=6572604.74..6574041.35 rows=574647 width=71) (actual time=88879.354..88879.411 rows=99 loops=1)
   Sort Key: orders.o_totalprice DESC, orders.o_orderdate
   Sort Method: quicksort  Memory: 31kB
   ->  GroupAggregate  (cost=6367914.24..6494060.60 rows=574647 width=71) (actual time=88202.847..88879.296 rows=99 loops=1)
         Group Key: customer.c_custkey, orders.o_orderkey
         ->  Incremental Sort  (cost=6367914.24..6482567.66 rows=574647 width=44) (actual time=88202.833..88878.952 rows=693 loops=1)
               Sort Key: customer.c_custkey, orders.o_orderkey
               Presorted Key: customer.c_custkey
               Full-sort Groups: 20  Sort Method: quicksort  Average Memory: 27kB  Peak Memory: 27kB
               ->  Merge Join  (cost=6367914.08..6456708.54 rows=574647 width=44) (actual time=88173.833..88878.473 rows=693 loops=1)
                     Merge Cond: (customer.c_custkey = orders.o_custkey)
                     ->  Index Scan using customer_pkey on customer  (cost=0.43..74989.47 rows=1499926 width=23) (actual time=0.130..566.599 rows=1481955 loops=1)
                     ->  Materialize  (cost=6367913.36..6370786.60 rows=574647 width=25) (actual time=88160.350..88160.685 rows=693 loops=1)
                           ->  Sort  (cost=6367913.36..6369349.98 rows=574647 width=25) (actual time=88160.344..88160.514 rows=693 loops=1)
                                 Sort Key: orders.o_custkey
                                 Sort Method: quicksort  Memory: 57kB
                                 ->  Hash Join  (cost=4081013.72..6299190.22 rows=574647 width=25) (actual time=84937.204..88159.978 rows=693 loops=1)
                                       Hash Cond: (lineitem.l_orderkey = orders.o_orderkey)
                                       ->  Hash Join  (cost=3394319.22..5276829.22 rows=19996375 width=13) (actual time=61619.280..80778.189 rows=693 loops=1)
                                             Hash Cond: (lineitem.l_orderkey = lineitem_1.l_orderkey)
                                             ->  Seq Scan on lineitem  (cost=0.00..1725036.64 rows=59989264 width=9) (actual time=0.463..10770.137 rows=59986052 loops=1)
                                             ->  Hash  (cost=3392522.99..3392522.99 rows=143698 width=4) (actual time=61486.293..61486.338 rows=99 loops=1)
                                                   Buckets: 262144  Batches: 1  Memory Usage: 2052kB
                                                   ->  Finalize GroupAggregate  (cost=3278994.29..3392522.99 rows=143698 width=4) (actual time=48995.842..61486.092 rows=99 loops=1)
                                                         Group Key: lineitem_1.l_orderkey
                                                         Filter: (sum(lineitem_1.l_quantity) > '313'::numeric)
                                                         Rows Removed by Filter: 14999901
                                                         ->  Gather Merge  (cost=3278994.29..3379590.14 rows=862190 width=36) (actual time=48778.046..52414.818 rows=15001602 loops=1)
                                                               Workers Planned: 2
                                                               Workers Launched: 2
                                                               ->  Sort  (cost=3277994.26..3279072.00 rows=431095 width=36) (actual time=48606.760..49601.430 rows=5000534 loops=3)
                                                                     Sort Key: lineitem_1.l_orderkey
                                                                     Sort Method: external merge  Disk: 379224kB
                                                                     Worker 0:  Sort Method: external merge  Disk: 370024kB
                                                                     Worker 1:  Sort Method: external merge  Disk: 381216kB
                                                                     ->  Partial HashAggregate  (cost=2976375.22..3225860.85 rows=431095 width=36) (actual time=32721.541..45283.675 rows=5000534 loops=3)
                                                                           Group Key: lineitem_1.l_orderkey
                                                                           Planned Partitions: 32  Batches: 529  Memory Usage: 8345kB  Disk Usage: 750680kB
                                                                           Worker 0:  Batches: 545  Memory Usage: 8345kB  Disk Usage: 720608kB
                                                                           Worker 1:  Batches: 553  Memory Usage: 8345kB  Disk Usage: 750816kB
                                                                           ->  Parallel Seq Scan on lineitem lineitem_1  (cost=0.00..1375099.27 rows=24995527 width=9) (actual time=10.905..22663.474 rows=19995351 loops=3)
                                       ->  Hash  (cost=411282.89..411282.89 rows=15001089 width=20) (actual time=5759.384..5759.384 rows=15000000 loops=1)
                                             Buckets: 131072  Batches: 128  Memory Usage: 7409kB
                                             ->  Seq Scan on orders  (cost=0.00..411282.89 rows=15001089 width=20) (actual time=0.338..2533.845 rows=15000000 loops=1)
 Planning Time: 37.087 ms
 Execution Time: 88887.988 ms
(46 rows)

