                                                                                                         QUERY PLAN                                                                                                         
----------------------------------------------------------------------------------------------------------------------------------------------------------------------------------------------------------------------------
 Sort  (cost=6572604.74..6574041.35 rows=574647 width=71) (actual time=81590.194..81590.247 rows=84 loops=1)
   Sort Key: orders.o_totalprice DESC, orders.o_orderdate
   Sort Method: quicksort  Memory: 30kB
   ->  GroupAggregate  (cost=6367914.24..6494060.60 rows=574647 width=71) (actual time=81097.682..81590.143 rows=84 loops=1)
         Group Key: customer.c_custkey, orders.o_orderkey
         ->  Incremental Sort  (cost=6367914.24..6482567.66 rows=574647 width=44) (actual time=81097.670..81589.906 rows=588 loops=1)
               Sort Key: customer.c_custkey, orders.o_orderkey
               Presorted Key: customer.c_custkey
               Full-sort Groups: 17  Sort Method: quicksort  Average Memory: 27kB  Peak Memory: 27kB
               ->  Merge Join  (cost=6367914.08..6456708.54 rows=574647 width=44) (actual time=81065.097..81589.597 rows=588 loops=1)
                     Merge Cond: (customer.c_custkey = orders.o_custkey)
                     ->  Index Scan using customer_pkey on customer  (cost=0.43..74989.47 rows=1499926 width=23) (actual time=0.133..419.990 rows=1481955 loops=1)
                     ->  Materialize  (cost=6367913.36..6370786.60 rows=574647 width=25) (actual time=81057.264..81057.492 rows=588 loops=1)
                           ->  Sort  (cost=6367913.36..6369349.98 rows=574647 width=25) (actual time=81057.257..81057.383 rows=588 loops=1)
                                 Sort Key: orders.o_custkey
                                 Sort Method: quicksort  Memory: 52kB
                                 ->  Hash Join  (cost=4081013.72..6299190.22 rows=574647 width=25) (actual time=78734.605..81057.019 rows=588 loops=1)
                                       Hash Cond: (lineitem.l_orderkey = orders.o_orderkey)
                                       ->  Hash Join  (cost=3394319.22..5276829.22 rows=19996375 width=13) (actual time=60713.254..74001.832 rows=588 loops=1)
                                             Hash Cond: (lineitem.l_orderkey = lineitem_1.l_orderkey)
                                             ->  Seq Scan on lineitem  (cost=0.00..1725036.64 rows=59989264 width=9) (actual time=0.437..7329.488 rows=59986052 loops=1)
                                             ->  Hash  (cost=3392522.99..3392522.99 rows=143698 width=4) (actual time=60592.951..60592.994 rows=84 loops=1)
                                                   Buckets: 262144  Batches: 1  Memory Usage: 2051kB
                                                   ->  Finalize GroupAggregate  (cost=3278994.29..3392522.99 rows=143698 width=4) (actual time=49961.687..60592.828 rows=84 loops=1)
                                                         Group Key: lineitem_1.l_orderkey
                                                         Filter: (sum(lineitem_1.l_quantity) > '314'::numeric)
                                                         Rows Removed by Filter: 14999916
                                                         ->  Gather Merge  (cost=3278994.29..3379590.14 rows=862190 width=36) (actual time=49734.911..52950.365 rows=15001640 loops=1)
                                                               Workers Planned: 2
                                                               Workers Launched: 2
                                                               ->  Sort  (cost=3277994.26..3279072.00 rows=431095 width=36) (actual time=47981.192..48857.024 rows=5000547 loops=3)
                                                                     Sort Key: lineitem_1.l_orderkey
                                                                     Sort Method: external merge  Disk: 411936kB
                                                                     Worker 0:  Sort Method: external merge  Disk: 366432kB
                                                                     Worker 1:  Sort Method: external merge  Disk: 352088kB
                                                                     ->  Partial HashAggregate  (cost=2976375.22..3225860.85 rows=431095 width=36) (actual time=32290.765..44631.100 rows=5000547 loops=3)
                                                                           Group Key: lineitem_1.l_orderkey
                                                                           Planned Partitions: 32  Batches: 593  Memory Usage: 8345kB  Disk Usage: 816136kB
                                                                           Worker 0:  Batches: 553  Memory Usage: 8345kB  Disk Usage: 718152kB
                                                                           Worker 1:  Batches: 521  Memory Usage: 8345kB  Disk Usage: 685904kB
                                                                           ->  Parallel Seq Scan on lineitem lineitem_1  (cost=0.00..1375099.27 rows=24995527 width=9) (actual time=0.507..22984.999 rows=19995351 loops=3)
                                       ->  Hash  (cost=411282.89..411282.89 rows=15001089 width=20) (actual time=5826.245..5826.245 rows=15000000 loops=1)
                                             Buckets: 131072  Batches: 128  Memory Usage: 7409kB
                                             ->  Seq Scan on orders  (cost=0.00..411282.89 rows=15001089 width=20) (actual time=0.404..2527.719 rows=15000000 loops=1)
 Planning Time: 45.223 ms
 Execution Time: 81593.723 ms
(46 rows)

