                                                                                                                                                                                                                                                                                                                                                                           QUERY PLAN                                                                                                                                                                                                                                                                                                                                                                           
----------------------------------------------------------------------------------------------------------------------------------------------------------------------------------------------------------------------------------------------------------------------------------------------------------------------------------------------------------------------------------------------------------------------------------------------------------------------------------------------------------------------------------------------------------------------------------------------------------------------------------------------------------------------------------------------------------------------------------------------------------------
 Finalize Aggregate  (cost=1953657.39..1953657.40 rows=1 width=32) (actual time=15411.976..15413.467 rows=1 loops=1)
   ->  Gather  (cost=1953657.17..1953657.38 rows=2 width=32) (actual time=15411.800..15413.456 rows=3 loops=1)
         Workers Planned: 2
         Workers Launched: 2
         ->  Partial Aggregate  (cost=1952657.17..1952657.18 rows=1 width=32) (actual time=15405.999..15406.000 rows=1 loops=3)
               ->  Parallel Hash Join  (cost=76433.84..1952653.69 rows=464 width=12) (actual time=526.622..15405.231 rows=384 loops=3)
                     Hash Cond: (lineitem.l_partkey = part.p_partkey)
                     Join Filter: (((part.p_brand = 'Brand#25'::bpchar) AND (part.p_container = ANY ('{"SM CASE","SM BOX","SM PACK","SM PKG"}'::bpchar[])) AND (lineitem.l_quantity >= '3'::numeric) AND (lineitem.l_quantity <= '13'::numeric) AND (part.p_size <= 5)) OR ((part.p_brand = 'Brand#54'::bpchar) AND (part.p_container = ANY ('{"MED BAG","MED BOX","MED PKG","MED PACK"}'::bpchar[])) AND (lineitem.l_quantity >= '10'::numeric) AND (lineitem.l_quantity <= '20'::numeric) AND (part.p_size <= 10)) OR ((part.p_brand = 'Brand#22'::bpchar) AND (part.p_container = ANY ('{"LG CASE","LG BOX","LG PACK","LG PKG"}'::bpchar[])) AND (lineitem.l_quantity >= '24'::numeric) AND (lineitem.l_quantity <= '34'::numeric) AND (part.p_size <= 15)))
                     Rows Removed by Join Filter: 593
                     ->  Parallel Seq Scan on lineitem  (cost=0.00..1875009.80 rows=460970 width=21) (actual time=1.142..14820.073 rows=414065 loops=3)
                           Filter: ((l_shipmode = ANY ('{AIR,"AIR REG"}'::bpchar[])) AND (l_shipinstruct = 'DELIVER IN PERSON'::bpchar) AND (((l_quantity >= '3'::numeric) AND (l_quantity <= '13'::numeric)) OR ((l_quantity >= '10'::numeric) AND (l_quantity <= '20'::numeric)) OR ((l_quantity >= '24'::numeric) AND (l_quantity <= '34'::numeric))))
                           Rows Removed by Filter: 19581286
                     ->  Parallel Hash  (cost=76408.88..76408.88 rows=1997 width=30) (actual time=511.422..511.422 rows=1601 loops=3)
                           Buckets: 8192  Batches: 1  Memory Usage: 416kB
                           ->  Parallel Seq Scan on part  (cost=0.00..76408.88 rows=1997 width=30) (actual time=0.641..510.430 rows=1601 loops=3)
                                 Filter: ((p_size >= 1) AND (((p_brand = 'Brand#25'::bpchar) AND (p_container = ANY ('{"SM CASE","SM BOX","SM PACK","SM PKG"}'::bpchar[])) AND (p_size <= 5)) OR ((p_brand = 'Brand#54'::bpchar) AND (p_container = ANY ('{"MED BAG","MED BOX","MED PKG","MED PACK"}'::bpchar[])) AND (p_size <= 10)) OR ((p_brand = 'Brand#22'::bpchar) AND (p_container = ANY ('{"LG CASE","LG BOX","LG PACK","LG PKG"}'::bpchar[])) AND (p_size <= 15))))
                                 Rows Removed by Filter: 665066
 Planning Time: 4.335 ms
 Execution Time: 15413.589 ms
(19 rows)

