                                                                                                        QUERY PLAN                                                                                                         
---------------------------------------------------------------------------------------------------------------------------------------------------------------------------------------------------------------------------
 Finalize Aggregate  (cost=1690849.01..1690849.02 rows=1 width=32) (actual time=22006.456..22008.758 rows=1 loops=1)
   ->  Gather  (cost=1690848.79..1690849.00 rows=2 width=32) (actual time=22006.371..22008.747 rows=3 loops=1)
         Workers Planned: 2
         Workers Launched: 2
         ->  Partial Aggregate  (cost=1689848.79..1689848.80 rows=1 width=32) (actual time=21988.876..21988.877 rows=1 loops=3)
               ->  Parallel Seq Scan on lineitem  (cost=0.00..1687543.35 rows=461087 width=12) (actual time=0.787..21898.889 rows=380379 loops=3)
                     Filter: ((l_shipdate >= '1997-01-01'::date) AND (l_shipdate < '1998-01-01 00:00:00'::timestamp without time zone) AND (l_discount >= 0.06) AND (l_discount <= 0.08) AND (l_quantity < '24'::numeric))
                     Rows Removed by Filter: 19614972
 Planning Time: 3.968 ms
 Execution Time: 22008.862 ms
(10 rows)

