                                                                                                        QUERY PLAN                                                                                                         
---------------------------------------------------------------------------------------------------------------------------------------------------------------------------------------------------------------------------
 Finalize Aggregate  (cost=1690907.64..1690907.65 rows=1 width=32) (actual time=11870.662..11872.250 rows=1 loops=1)
   ->  Gather  (cost=1690907.42..1690907.63 rows=2 width=32) (actual time=11870.579..11872.236 rows=3 loops=1)
         Workers Planned: 2
         Workers Launched: 2
         ->  Partial Aggregate  (cost=1689907.42..1689907.43 rows=1 width=32) (actual time=11864.486..11864.487 rows=1 loops=3)
               ->  Parallel Seq Scan on lineitem  (cost=0.00..1687536.68 rows=474148 width=12) (actual time=0.667..11785.593 rows=380906 loops=3)
                     Filter: ((l_shipdate >= '1995-01-01'::date) AND (l_shipdate < '1996-01-01 00:00:00'::timestamp without time zone) AND (l_discount >= 0.05) AND (l_discount <= 0.07) AND (l_quantity < '24'::numeric))
                     Rows Removed by Filter: 19614445
 Planning Time: 4.917 ms
 Execution Time: 11872.346 ms
(10 rows)

